# JRE version: Java(TM) SE Runtime Environment (7.0_51-b13) (build 1.7.0_51-b13)
# Java VM: Java HotSpot(TM) 64-Bit Server VM (24.51-b03 mixed mode windows-amd64 compressed oops)
Heap
 PSYoungGen      total 34304K, used 15454K [0x00000007d5a80000, 0x00000007d8080000, 0x0000000800000000)
  eden space 30720K, 47% used [0x00000007d5a80000,0x00000007d68a7ba0,0x00000007d7880000)
  from space 3584K, 26% used [0x00000007d7900000,0x00000007d79f0000,0x00000007d7c80000)
  to   space 4096K, 0% used [0x00000007d7c80000,0x00000007d7c80000,0x00000007d8080000)
 ParOldGen       total 86528K, used 1533K [0x0000000781000000, 0x0000000786480000, 0x00000007d5a80000)
  object space 86528K, 1% used [0x0000000781000000,0x000000078117f6e0,0x0000000786480000)
 PSPermGen       total 21504K, used 7806K [0x000000077be00000, 0x000000077d300000, 0x0000000781000000)
  object space 21504K, 36% used [0x000000077be00000,0x000000077c59f940,0x000000077d300000)
GC Heap History (10 events):
Event: 19.654 GC heap before
{Heap before GC invocations=5 (full 0):
 PSYoungGen      total 38400K, used 35739K [0x00000007d5a80000, 0x00000007d8500000, 0x0000000800000000)
  eden space 33280K, 100% used [0x00000007d5a80000,0x00000007d7b00000,0x00000007d7b00000)
  from space 5120K, 48% used [0x00000007d8000000,0x00000007d8266ea0,0x00000007d8500000)
  to   space 5120K, 0% used [0x00000007d7b00000,0x00000007d7b00000,0x00000007d8000000)
 ParOldGen       total 86528K, used 32K [0x0000000781000000, 0x0000000786480000, 0x00000007d5a80000)
  object space 86528K, 0% used [0x0000000781000000,0x0000000781008000,0x0000000786480000)
 PSPermGen       total 21504K, used 7406K [0x000000077be00000, 0x000000077d300000, 0x0000000781000000)
  object space 21504K, 34% used [0x000000077be00000,0x000000077c53b8b0,0x000000077d300000)
Event: 19.664 GC heap after
Heap after GC invocations=5 (full 0):
 PSYoungGen      total 35328K, used 2411K [0x00000007d5a80000, 0x00000007d8180000, 0x0000000800000000)
  eden space 32768K, 0% used [0x00000007d5a80000,0x00000007d5a80000,0x00000007d7a80000)
  from space 2560K, 94% used [0x00000007d7b00000,0x00000007d7d5ae90,0x00000007d7d80000)
  to   space 3584K, 0% used [0x00000007d7e00000,0x00000007d7e00000,0x00000007d8180000)
 ParOldGen       total 86528K, used 40K [0x0000000781000000, 0x0000000786480000, 0x00000007d5a80000)
  object space 86528K, 0% used [0x0000000781000000,0x000000078100a000,0x0000000786480000)
 PSPermGen       total 21504K, used 7406K [0x000000077be00000, 0x000000077d300000, 0x0000000781000000)
  object space 21504K, 34% used [0x000000077be00000,0x000000077c53b8b0,0x000000077d300000)
}
Event: 23.932 GC heap before
{Heap before GC invocations=6 (full 0):
 PSYoungGen      total 35328K, used 35179K [0x00000007d5a80000, 0x00000007d8180000, 0x0000000800000000)
  eden space 32768K, 100% used [0x00000007d5a80000,0x00000007d7a80000,0x00000007d7a80000)
  from space 2560K, 94% used [0x00000007d7b00000,0x00000007d7d5ae90,0x00000007d7d80000)
  to   space 3584K, 0% used [0x00000007d7e00000,0x00000007d7e00000,0x00000007d8180000)
 ParOldGen       total 86528K, used 40K [0x0000000781000000, 0x0000000786480000, 0x00000007d5a80000)
  object space 86528K, 0% used [0x0000000781000000,0x000000078100a000,0x0000000786480000)
 PSPermGen       total 21504K, used 7406K [0x000000077be00000, 0x000000077d300000, 0x0000000781000000)
  object space 21504K, 34% used [0x000000077be00000,0x000000077c53b8b0,0x000000077d300000)
Event: 23.939 GC heap after
Heap after GC invocations=6 (full 0):
 PSYoungGen      total 35328K, used 2443K [0x00000007d5a80000, 0x00000007d8100000, 0x0000000800000000)
  eden space 32256K, 0% used [0x00000007d5a80000,0x00000007d5a80000,0x00000007d7a00000)
  from space 3072K, 79% used [0x00000007d7e00000,0x00000007d8062e90,0x00000007d8100000)
  to   space 3584K, 0% used [0x00000007d7a00000,0x00000007d7a00000,0x00000007d7d80000)
 ParOldGen       total 86528K, used 40K [0x0000000781000000, 0x0000000786480000, 0x00000007d5a80000)
  object space 86528K, 0% used [0x0000000781000000,0x000000078100a000,0x0000000786480000)
 PSPermGen       total 21504K, used 7406K [0x000000077be00000, 0x000000077d300000, 0x0000000781000000)
  object space 21504K, 34% used [0x000000077be00000,0x000000077c53b8b0,0x000000077d300000)
}
Event: 27.767 GC heap before
{Heap before GC invocations=7 (full 0):
 PSYoungGen      total 35328K, used 34699K [0x00000007d5a80000, 0x00000007d8100000, 0x0000000800000000)
  eden space 32256K, 100% used [0x00000007d5a80000,0x00000007d7a00000,0x00000007d7a00000)
  from space 3072K, 79% used [0x00000007d7e00000,0x00000007d8062e90,0x00000007d8100000)
  to   space 3584K, 0% used [0x00000007d7a00000,0x00000007d7a00000,0x00000007d7d80000)
 ParOldGen       total 86528K, used 40K [0x0000000781000000, 0x0000000786480000, 0x00000007d5a80000)
  object space 86528K, 0% used [0x0000000781000000,0x000000078100a000,0x0000000786480000)
 PSPermGen       total 21504K, used 7406K [0x000000077be00000, 0x000000077d300000, 0x0000000781000000)
  object space 21504K, 34% used [0x000000077be00000,0x000000077c53b8b0,0x000000077d300000)
Event: 27.774 GC heap after
Heap after GC invocations=7 (full 0):
 PSYoungGen      total 32768K, used 928K [0x00000007d5a80000, 0x00000007d8080000, 0x0000000800000000)
  eden space 31744K, 0% used [0x00000007d5a80000,0x00000007d5a80000,0x00000007d7980000)
  from space 1024K, 90% used [0x00000007d7a00000,0x00000007d7ae8000,0x00000007d7b00000)
  to   space 3584K, 0% used [0x00000007d7d00000,0x00000007d7d00000,0x00000007d8080000)
 ParOldGen       total 86528K, used 1525K [0x0000000781000000, 0x0000000786480000, 0x00000007d5a80000)
  object space 86528K, 1% used [0x0000000781000000,0x000000078117d6e0,0x0000000786480000)
 PSPermGen       total 21504K, used 7406K [0x000000077be00000, 0x000000077d300000, 0x0000000781000000)
  object space 21504K, 34% used [0x000000077be00000,0x000000077c53b8b0,0x000000077d300000)
}
Event: 31.645 GC heap before
{Heap before GC invocations=8 (full 0):
 PSYoungGen      total 32768K, used 32672K [0x00000007d5a80000, 0x00000007d8080000, 0x0000000800000000)
  eden space 31744K, 100% used [0x00000007d5a80000,0x00000007d7980000,0x00000007d7980000)
  from space 1024K, 90% used [0x00000007d7a00000,0x00000007d7ae8000,0x00000007d7b00000)
  to   space 3584K, 0% used [0x00000007d7d00000,0x00000007d7d00000,0x00000007d8080000)
 ParOldGen       total 86528K, used 1525K [0x0000000781000000, 0x0000000786480000, 0x00000007d5a80000)
  object space 86528K, 1% used [0x0000000781000000,0x000000078117d6e0,0x0000000786480000)
 PSPermGen       total 21504K, used 7406K [0x000000077be00000, 0x000000077d300000, 0x0000000781000000)
  object space 21504K, 34% used [0x000000077be00000,0x000000077c53b8b0,0x000000077d300000)
Event: 31.649 GC heap after
Heap after GC invocations=8 (full 0):
 PSYoungGen      total 34304K, used 928K [0x00000007d5a80000, 0x00000007d8000000, 0x0000000800000000)
  eden space 31232K, 0% used [0x00000007d5a80000,0x00000007d5a80000,0x00000007d7900000)
  from space 3072K, 30% used [0x00000007d7d00000,0x00000007d7de8000,0x00000007d8000000)
  to   space 3584K, 0% used [0x00000007d7900000,0x00000007d7900000,0x00000007d7c80000)
 ParOldGen       total 86528K, used 1533K [0x0000000781000000, 0x0000000786480000, 0x00000007d5a80000)
  object space 86528K, 1% used [0x0000000781000000,0x000000078117f6e0,0x0000000786480000)
 PSPermGen       total 21504K, used 7406K [0x000000077be00000, 0x000000077d300000, 0x0000000781000000)
  object space 21504K, 34% used [0x000000077be00000,0x000000077c53b8b0,0x000000077d300000)
}
Event: 35.429 GC heap before
{Heap before GC invocations=9 (full 0):
 PSYoungGen      total 34304K, used 32160K [0x00000007d5a80000, 0x00000007d8000000, 0x0000000800000000)
  eden space 31232K, 100% used [0x00000007d5a80000,0x00000007d7900000,0x00000007d7900000)
  from space 3072K, 30% used [0x00000007d7d00000,0x00000007d7de8000,0x00000007d8000000)
  to   space 3584K, 0% used [0x00000007d7900000,0x00000007d7900000,0x00000007d7c80000)
 ParOldGen       total 86528K, used 1533K [0x0000000781000000, 0x0000000786480000, 0x00000007d5a80000)
  object space 86528K, 1% used [0x0000000781000000,0x000000078117f6e0,0x0000000786480000)
 PSPermGen       total 21504K, used 7406K [0x000000077be00000, 0x000000077d300000, 0x0000000781000000)
  object space 21504K, 34% used [0x000000077be00000,0x000000077c53b8b0,0x000000077d300000)
Event: 35.436 GC heap after
Heap after GC invocations=9 (full 0):
 PSYoungGen      total 34304K, used 960K [0x00000007d5a80000, 0x00000007d8080000, 0x0000000800000000)
  eden space 30720K, 0% used [0x00000007d5a80000,0x00000007d5a80000,0x00000007d7880000)
  from space 3584K, 26% used [0x00000007d7900000,0x00000007d79f0000,0x00000007d7c80000)
  to   space 4096K, 0% used [0x00000007d7c80000,0x00000007d7c80000,0x00000007d8080000)
 ParOldGen       total 86528K, used 1533K [0x0000000781000000, 0x0000000786480000, 0x00000007d5a80000)
  object space 86528K, 1% used [0x0000000781000000,0x000000078117f6e0,0x0000000786480000)
 PSPermGen       total 21504K, used 7406K [0x000000077be00000, 0x000000077d300000, 0x0000000781000000)
  object space 21504K, 34% used [0x000000077be00000,0x000000077c53b8b0,0x000000077d300000)
}

